Started GET "/" for ::1 at 2021-07-26 08:27:18 +0530
  [1m[35m (1.2ms)[0m  [1m[34mSELECT sqlite_version(*)[0m
Processing by HomeController#index as HTML
  Rendering layout layouts/application.html.erb
  Rendering home/index.html.erb within layouts/application
  Rendered home/index.html.erb within layouts/application (Duration: 1.3ms | Allocations: 395)
[Webpacker] Compiling...
[Webpacker] Compiled all packs in /home/developer/Device/device-app/public/packs
[Webpacker] Though the "loose" option was set to "false" in your @babel/preset-env config, it will not be used for @babel/plugin-proposal-private-methods since the "loose" mode option was set to "true" for @babel/plugin-proposal-class-properties.
The "loose" option must be the same for @babel/plugin-proposal-class-properties, @babel/plugin-proposal-private-methods and @babel/plugin-proposal-private-property-in-object (when they are enabled): you can silence this warning by explicitly adding
	["@babel/plugin-proposal-private-methods", { "loose": true }]
to the "plugins" section of your Babel config.
Though the "loose" option was set to "false" in your @babel/preset-env config, it will not be used for @babel/plugin-proposal-private-methods since the "loose" mode option was set to "true" for @babel/plugin-proposal-class-properties.
The "loose" option must be the same for @babel/plugin-proposal-class-properties, @babel/plugin-proposal-private-methods and @babel/plugin-proposal-private-property-in-object (when they are enabled): you can silence this warning by explicitly adding
	["@babel/plugin-proposal-private-methods", { "loose": true }]
to the "plugins" section of your Babel config.
Though the "loose" option was set to "false" in your @babel/preset-env config, it will not be used for @babel/plugin-proposal-private-methods since the "loose" mode option was set to "true" for @babel/plugin-proposal-class-properties.
The "loose" option must be the same for @babel/plugin-proposal-class-properties, @babel/plugin-proposal-private-methods and @babel/plugin-proposal-private-property-in-object (when they are enabled): you can silence this warning by explicitly adding
	["@babel/plugin-proposal-private-methods", { "loose": true }]
to the "plugins" section of your Babel config.
Though the "loose" option was set to "false" in your @babel/preset-env config, it will not be used for @babel/plugin-proposal-private-methods since the "loose" mode option was set to "true" for @babel/plugin-proposal-class-properties.
The "loose" option must be the same for @babel/plugin-proposal-class-properties, @babel/plugin-proposal-private-methods and @babel/plugin-proposal-private-property-in-object (when they are enabled): you can silence this warning by explicitly adding
	["@babel/plugin-proposal-private-methods", { "loose": true }]
to the "plugins" section of your Babel config.
Though the "loose" option was set to "false" in your @babel/preset-env config, it will not be used for @babel/plugin-proposal-private-methods since the "loose" mode option was set to "true" for @babel/plugin-proposal-class-properties.
The "loose" option must be the same for @babel/plugin-proposal-class-properties, @babel/plugin-proposal-private-methods and @babel/plugin-proposal-private-property-in-object (when they are enabled): you can silence this warning by explicitly adding
	["@babel/plugin-proposal-private-methods", { "loose": true }]
to the "plugins" section of your Babel config.
Though the "loose" option was set to "false" in your @babel/preset-env config, it will not be used for @babel/plugin-proposal-private-methods since the "loose" mode option was set to "true" for @babel/plugin-proposal-class-properties.
The "loose" option must be the same for @babel/plugin-proposal-class-properties, @babel/plugin-proposal-private-methods and @babel/plugin-proposal-private-property-in-object (when they are enabled): you can silence this warning by explicitly adding
	["@babel/plugin-proposal-private-methods", { "loose": true }]
to the "plugins" section of your Babel config.

[Webpacker] Hash: e2a8a876c5815bee1e21
Version: webpack 4.46.0
Time: 1641ms
Built at: 26/07/2021 8:27:21 am
                                     Asset       Size       Chunks                         Chunk Names
    js/application-e421b4aa3f716bebdab1.js    125 KiB  application  [emitted] [immutable]  application
js/application-e421b4aa3f716bebdab1.js.map    139 KiB  application  [emitted] [dev]        application
                             manifest.json  364 bytes               [emitted]              
Entrypoint application = js/application-e421b4aa3f716bebdab1.js js/application-e421b4aa3f716bebdab1.js.map
[./app/javascript/channels sync recursive _channel\.js$] ./app/javascript/channels sync _channel\.js$ 160 bytes {application} [built]
[./app/javascript/channels/index.js] 211 bytes {application} [built]
[./app/javascript/packs/application.js] 492 bytes {application} [built]
[./node_modules/webpack/buildin/module.js] (webpack)/buildin/module.js 552 bytes {application} [built]
    + 3 hidden modules

  Rendered layout layouts/application.html.erb (Duration: 3193.1ms | Allocations: 14606)
Completed 200 OK in 3207ms (Views: 3199.0ms | ActiveRecord: 0.0ms | Allocations: 18780)


  [1m[35m (0.3ms)[0m  [1m[34mSELECT sqlite_version(*)[0m
  [1m[35m (12.6ms)[0m  [1m[35mCREATE TABLE "schema_migrations" ("version" varchar NOT NULL PRIMARY KEY)[0m
  [1m[35m (5.2ms)[0m  [1m[35mCREATE TABLE "ar_internal_metadata" ("key" varchar NOT NULL PRIMARY KEY, "value" varchar, "created_at" datetime(6) NOT NULL, "updated_at" datetime(6) NOT NULL)[0m
  [1m[35m (0.2ms)[0m  [1m[34mSELECT "schema_migrations"."version" FROM "schema_migrations" ORDER BY "schema_migrations"."version" ASC[0m
Migrating to DeviseCreateUsers (20210726030313)
  [1m[36mTRANSACTION (0.1ms)[0m  [1m[36mbegin transaction[0m
  [1m[35m (0.3ms)[0m  [1m[35mCREATE TABLE "users" ("id" integer PRIMARY KEY AUTOINCREMENT NOT NULL, "email" varchar DEFAULT '' NOT NULL, "encrypted_password" varchar DEFAULT '' NOT NULL, "reset_password_token" varchar, "reset_password_sent_at" datetime, "remember_created_at" datetime, "created_at" datetime(6) NOT NULL, "updated_at" datetime(6) NOT NULL)[0m
  [1m[35m (0.1ms)[0m  [1m[35mCREATE UNIQUE INDEX "index_users_on_email" ON "users" ("email")[0m
  [1m[35m (0.1ms)[0m  [1m[35mCREATE UNIQUE INDEX "index_users_on_reset_password_token" ON "users" ("reset_password_token")[0m
  [1m[36mActiveRecord::SchemaMigration Create (0.1ms)[0m  [1m[32mINSERT INTO "schema_migrations" ("version") VALUES (?)[0m  [["version", "20210726030313"]]
  [1m[36mTRANSACTION (3.8ms)[0m  [1m[36mcommit transaction[0m
  [1m[36mActiveRecord::InternalMetadata Load (0.1ms)[0m  [1m[34mSELECT "ar_internal_metadata".* FROM "ar_internal_metadata" WHERE "ar_internal_metadata"."key" = ? LIMIT ?[0m  [["key", "environment"], ["LIMIT", 1]]
  [1m[36mTRANSACTION (0.0ms)[0m  [1m[36mbegin transaction[0m
  [1m[36mActiveRecord::InternalMetadata Create (0.2ms)[0m  [1m[32mINSERT INTO "ar_internal_metadata" ("key", "value", "created_at", "updated_at") VALUES (?, ?, ?, ?)[0m  [["key", "environment"], ["value", "development"], ["created_at", "2021-07-26 03:03:50.575036"], ["updated_at", "2021-07-26 03:03:50.575036"]]
  [1m[36mTRANSACTION (2.7ms)[0m  [1m[36mcommit transaction[0m
  [1m[35m (0.1ms)[0m  [1m[34mSELECT sqlite_version(*)[0m
  [1m[35m (0.1ms)[0m  [1m[34mSELECT "schema_migrations"."version" FROM "schema_migrations" ORDER BY "schema_migrations"."version" ASC[0m
Started GET "/" for ::1 at 2021-07-26 08:58:22 +0530
  [1m[35m (0.4ms)[0m  [1m[34mSELECT sqlite_version(*)[0m
  [1m[35m (0.4ms)[0m  [1m[34mSELECT "schema_migrations"."version" FROM "schema_migrations" ORDER BY "schema_migrations"."version" ASC[0m
Processing by HomeController#index as HTML
  Rendering layout layouts/application.html.erb
  Rendering home/index.html.erb within layouts/application
  Rendered home/index.html.erb within layouts/application (Duration: 0.7ms | Allocations: 361)
[Webpacker] Everything's up-to-date. Nothing to do
  Rendered layout layouts/application.html.erb (Duration: 12.1ms | Allocations: 6257)
Completed 200 OK in 27ms (Views: 17.7ms | ActiveRecord: 0.0ms | Allocations: 10017)


Started GET "/users/sign_up" for ::1 at 2021-07-26 09:00:44 +0530
Processing by Devise::RegistrationsController#new as HTML
  Rendering layout layouts/application.html.erb
  Rendering devise/registrations/new.html.erb within layouts/application
  Rendered devise/shared/_error_messages.html.erb (Duration: 0.6ms | Allocations: 226)
  Rendered devise/shared/_links.html.erb (Duration: 0.9ms | Allocations: 545)
  Rendered devise/registrations/new.html.erb within layouts/application (Duration: 18.8ms | Allocations: 8309)
[Webpacker] Everything's up-to-date. Nothing to do
  Rendered layout layouts/application.html.erb (Duration: 22.6ms | Allocations: 11206)
Completed 200 OK in 38ms (Views: 26.8ms | ActiveRecord: 0.6ms | Allocations: 17405)


Started POST "/users" for ::1 at 2021-07-26 09:02:33 +0530
Processing by Devise::RegistrationsController#create as HTML
  Parameters: {"authenticity_token"=>"[FILTERED]", "user"=>{"email"=>"susmitha@gmial.com", "password"=>"[FILTERED]", "password_confirmation"=>"[FILTERED]"}, "commit"=>"Sign up"}
  [1m[36mTRANSACTION (0.1ms)[0m  [1m[36mbegin transaction[0m
  [1m[36mUser Exists? (0.1ms)[0m  [1m[34mSELECT 1 AS one FROM "users" WHERE "users"."email" = ? LIMIT ?[0m  [["email", "susmitha@gmial.com"], ["LIMIT", 1]]
  [1m[36mTRANSACTION (0.1ms)[0m  [1m[31mrollback transaction[0m
  Rendering layout layouts/application.html.erb
  Rendering devise/registrations/new.html.erb within layouts/application
  Rendered devise/shared/_error_messages.html.erb (Duration: 0.8ms | Allocations: 577)
  Rendered devise/shared/_links.html.erb (Duration: 0.2ms | Allocations: 105)
  Rendered devise/registrations/new.html.erb within layouts/application (Duration: 3.4ms | Allocations: 2109)
[Webpacker] Everything's up-to-date. Nothing to do
  Rendered layout layouts/application.html.erb (Duration: 7.1ms | Allocations: 4922)
Completed 200 OK in 255ms (Views: 7.6ms | ActiveRecord: 0.2ms | Allocations: 15567)


Started GET "/users/sign_up" for ::1 at 2021-07-26 09:02:46 +0530
Processing by Devise::RegistrationsController#new as HTML
  Rendering layout layouts/application.html.erb
  Rendering devise/registrations/new.html.erb within layouts/application
  Rendered devise/shared/_error_messages.html.erb (Duration: 0.2ms | Allocations: 43)
  Rendered devise/shared/_links.html.erb (Duration: 0.3ms | Allocations: 105)
  Rendered devise/registrations/new.html.erb within layouts/application (Duration: 3.4ms | Allocations: 1060)
[Webpacker] Everything's up-to-date. Nothing to do
  Rendered layout layouts/application.html.erb (Duration: 9.5ms | Allocations: 3933)
Completed 200 OK in 12ms (Views: 10.5ms | ActiveRecord: 0.0ms | Allocations: 4530)


Started POST "/users" for ::1 at 2021-07-26 09:02:55 +0530
Processing by Devise::RegistrationsController#create as HTML
  Parameters: {"authenticity_token"=>"[FILTERED]", "user"=>{"email"=>"susmitha@gmial.com", "password"=>"[FILTERED]", "password_confirmation"=>"[FILTERED]"}, "commit"=>"Sign up"}
  [1m[36mTRANSACTION (0.1ms)[0m  [1m[36mbegin transaction[0m
  [1m[36mUser Exists? (0.1ms)[0m  [1m[34mSELECT 1 AS one FROM "users" WHERE "users"."email" = ? LIMIT ?[0m  [["email", "susmitha@gmial.com"], ["LIMIT", 1]]
  [1m[36mUser Create (0.2ms)[0m  [1m[32mINSERT INTO "users" ("email", "encrypted_password", "created_at", "updated_at") VALUES (?, ?, ?, ?)[0m  [["email", "susmitha@gmial.com"], ["encrypted_password", "$2a$12$lZnuQv01wj9m.0X7o6top.B7w46582Y9gLDxK7hvRocB4Lg6V8gF."], ["created_at", "2021-07-26 03:32:55.747309"], ["updated_at", "2021-07-26 03:32:55.747309"]]
  [1m[36mTRANSACTION (3.7ms)[0m  [1m[36mcommit transaction[0m
Redirected to http://localhost:3000/
Completed 302 Found in 258ms (ActiveRecord: 4.1ms | Allocations: 6772)


Started GET "/" for ::1 at 2021-07-26 09:02:55 +0530
Processing by HomeController#index as HTML
  Rendering layout layouts/application.html.erb
  Rendering home/index.html.erb within layouts/application
  Rendered home/index.html.erb within layouts/application (Duration: 0.1ms | Allocations: 37)
[Webpacker] Everything's up-to-date. Nothing to do
  Rendered layout layouts/application.html.erb (Duration: 4.1ms | Allocations: 2915)
Completed 200 OK in 5ms (Views: 4.5ms | ActiveRecord: 0.0ms | Allocations: 3374)


Started GET "/" for ::1 at 2021-07-26 09:10:34 +0530
Processing by HomeController#index as HTML
  Rendering layout layouts/application.html.erb
  Rendering home/index.html.erb within layouts/application
  Rendered home/index.html.erb within layouts/application (Duration: 0.9ms | Allocations: 110)
[Webpacker] Everything's up-to-date. Nothing to do
  Rendered layout layouts/application.html.erb (Duration: 7.7ms | Allocations: 3244)
Completed 200 OK in 14ms (Views: 11.2ms | Allocations: 4547)


Started GET "/" for ::1 at 2021-07-26 09:27:30 +0530
Processing by HomeController#index as HTML
  Rendering layout layouts/application.html.erb
  Rendering home/index.html.erb within layouts/application
  Rendered home/index.html.erb within layouts/application (Duration: 0.7ms | Allocations: 107)
[Webpacker] Everything's up-to-date. Nothing to do
  Rendered layout layouts/application.html.erb (Duration: 11.4ms | Allocations: 4506)
Completed 500 Internal Server Error in 23ms (Allocations: 5788)


  
ActionView::Template::Error (Missing partial shared/_navbar with {:locale=>[:en], :formats=>[:html], :variants=>[], :handlers=>[:raw, :erb, :html, :builder, :ruby, :jbuilder]}. Searched in:
  * "/home/developer/Device/device-app/app/views"
  * "/home/developer/.rvm/gems/ruby-3.0.0/gems/devise-4.8.0/app/views"
  * "/home/developer/.rvm/gems/ruby-3.0.0/gems/actiontext-6.1.4/app/views"
  * "/home/developer/.rvm/gems/ruby-3.0.0/gems/actionmailbox-6.1.4/app/views"
):
    12:   </head>
    13: 
    14:   <body>
    15:      <%= render 'shared/navbar' %> 
    16:      <p class="notice"><%= notice %></p>
    17:      <p class="alert"><%= alert %></p>
    18: 
  
app/views/layouts/application.html.erb:15
Started GET "/" for ::1 at 2021-07-26 09:27:35 +0530
Processing by HomeController#index as HTML
  Rendering layout layouts/application.html.erb
  Rendering home/index.html.erb within layouts/application
  Rendered home/index.html.erb within layouts/application (Duration: 0.1ms | Allocations: 37)
[Webpacker] Everything's up-to-date. Nothing to do
  Rendered layout layouts/application.html.erb (Duration: 8.1ms | Allocations: 3790)
Completed 500 Internal Server Error in 11ms (Allocations: 4200)


  
ActionView::Template::Error (Missing partial shared/_navbar with {:locale=>[:en], :formats=>[:html], :variants=>[], :handlers=>[:raw, :erb, :html, :builder, :ruby, :jbuilder]}. Searched in:
  * "/home/developer/Device/device-app/app/views"
  * "/home/developer/.rvm/gems/ruby-3.0.0/gems/devise-4.8.0/app/views"
  * "/home/developer/.rvm/gems/ruby-3.0.0/gems/actiontext-6.1.4/app/views"
  * "/home/developer/.rvm/gems/ruby-3.0.0/gems/actionmailbox-6.1.4/app/views"
):
    12:   </head>
    13: 
    14:   <body>
    15:      <%= render 'shared/navbar' %> 
    16:      <p class="notice"><%= notice %></p>
    17:      <p class="alert"><%= alert %></p>
    18: 
  
app/views/layouts/application.html.erb:15
Started GET "/users/sign_up" for ::1 at 2021-07-26 09:27:38 +0530
Processing by Devise::RegistrationsController#new as HTML
  [1m[35m (0.3ms)[0m  [1m[34mSELECT sqlite_version(*)[0m
  [1m[36mUser Load (0.4ms)[0m  [1m[34mSELECT "users".* FROM "users" WHERE "users"."id" = ? ORDER BY "users"."id" ASC LIMIT ?[0m  [["id", 1], ["LIMIT", 1]]
Redirected to http://localhost:3000/
Filter chain halted as :require_no_authentication rendered or redirected
Completed 302 Found in 17ms (ActiveRecord: 1.5ms | Allocations: 2653)


Started GET "/" for ::1 at 2021-07-26 09:27:40 +0530
Processing by HomeController#index as HTML
  Rendering layout layouts/application.html.erb
  Rendering home/index.html.erb within layouts/application
  Rendered home/index.html.erb within layouts/application (Duration: 0.4ms | Allocations: 37)
[Webpacker] Everything's up-to-date. Nothing to do
  Rendered layout layouts/application.html.erb (Duration: 14.5ms | Allocations: 3790)
Completed 500 Internal Server Error in 19ms (ActiveRecord: 0.0ms | Allocations: 4209)


  
ActionView::Template::Error (Missing partial shared/_navbar with {:locale=>[:en], :formats=>[:html], :variants=>[], :handlers=>[:raw, :erb, :html, :builder, :ruby, :jbuilder]}. Searched in:
  * "/home/developer/Device/device-app/app/views"
  * "/home/developer/.rvm/gems/ruby-3.0.0/gems/devise-4.8.0/app/views"
  * "/home/developer/.rvm/gems/ruby-3.0.0/gems/actiontext-6.1.4/app/views"
  * "/home/developer/.rvm/gems/ruby-3.0.0/gems/actionmailbox-6.1.4/app/views"
):
    12:   </head>
    13: 
    14:   <body>
    15:      <%= render 'shared/navbar' %> 
    16:      <p class="notice"><%= notice %></p>
    17:      <p class="alert"><%= alert %></p>
    18: 
  
app/views/layouts/application.html.erb:15
Started GET "/" for ::1 at 2021-07-26 09:30:00 +0530
Processing by HomeController#index as HTML
  Rendering layout layouts/application.html.erb
  Rendering home/index.html.erb within layouts/application
  Rendered home/index.html.erb within layouts/application (Duration: 0.4ms | Allocations: 37)
[Webpacker] Everything's up-to-date. Nothing to do
  Rendered layout layouts/application.html.erb (Duration: 14.8ms | Allocations: 3790)
Completed 500 Internal Server Error in 18ms (ActiveRecord: 0.0ms | Allocations: 4209)


  
ActionView::Template::Error (Missing partial shared/_navbar with {:locale=>[:en], :formats=>[:html], :variants=>[], :handlers=>[:raw, :erb, :html, :builder, :ruby, :jbuilder]}. Searched in:
  * "/home/developer/Device/device-app/app/views"
  * "/home/developer/.rvm/gems/ruby-3.0.0/gems/devise-4.8.0/app/views"
  * "/home/developer/.rvm/gems/ruby-3.0.0/gems/actiontext-6.1.4/app/views"
  * "/home/developer/.rvm/gems/ruby-3.0.0/gems/actionmailbox-6.1.4/app/views"
):
    12:   </head>
    13: 
    14:   <body>
    15:      <%= render 'shared/navbar' %> 
    16:      <p class="notice"><%= notice %></p>
    17:      <p class="alert"><%= alert %></p>
    18: 
  
app/views/layouts/application.html.erb:15
Started GET "/" for ::1 at 2021-07-26 09:30:02 +0530
Processing by HomeController#index as HTML
  Rendering layout layouts/application.html.erb
  Rendering home/index.html.erb within layouts/application
  Rendered home/index.html.erb within layouts/application (Duration: 0.4ms | Allocations: 37)
[Webpacker] Everything's up-to-date. Nothing to do
  Rendered layout layouts/application.html.erb (Duration: 14.2ms | Allocations: 3790)
Completed 500 Internal Server Error in 18ms (ActiveRecord: 0.0ms | Allocations: 4209)


  
ActionView::Template::Error (Missing partial shared/_navbar with {:locale=>[:en], :formats=>[:html], :variants=>[], :handlers=>[:raw, :erb, :html, :builder, :ruby, :jbuilder]}. Searched in:
  * "/home/developer/Device/device-app/app/views"
  * "/home/developer/.rvm/gems/ruby-3.0.0/gems/devise-4.8.0/app/views"
  * "/home/developer/.rvm/gems/ruby-3.0.0/gems/actiontext-6.1.4/app/views"
  * "/home/developer/.rvm/gems/ruby-3.0.0/gems/actionmailbox-6.1.4/app/views"
):
    12:   </head>
    13: 
    14:   <body>
    15:      <%= render 'shared/navbar' %> 
    16:      <p class="notice"><%= notice %></p>
    17:      <p class="alert"><%= alert %></p>
    18: 
  
app/views/layouts/application.html.erb:15
Started GET "/" for ::1 at 2021-07-26 09:30:05 +0530
Processing by HomeController#index as HTML
  Rendering layout layouts/application.html.erb
  Rendering home/index.html.erb within layouts/application
  Rendered home/index.html.erb within layouts/application (Duration: 0.1ms | Allocations: 37)
[Webpacker] Everything's up-to-date. Nothing to do
  Rendered layout layouts/application.html.erb (Duration: 8.5ms | Allocations: 3791)
Completed 500 Internal Server Error in 10ms (ActiveRecord: 0.0ms | Allocations: 4210)


  
ActionView::Template::Error (Missing partial shared/_navbar with {:locale=>[:en], :formats=>[:html], :variants=>[], :handlers=>[:raw, :erb, :html, :builder, :ruby, :jbuilder]}. Searched in:
  * "/home/developer/Device/device-app/app/views"
  * "/home/developer/.rvm/gems/ruby-3.0.0/gems/devise-4.8.0/app/views"
  * "/home/developer/.rvm/gems/ruby-3.0.0/gems/actiontext-6.1.4/app/views"
  * "/home/developer/.rvm/gems/ruby-3.0.0/gems/actionmailbox-6.1.4/app/views"
):
    12:   </head>
    13: 
    14:   <body>
    15:      <%= render 'shared/navbar' %> 
    16:      <p class="notice"><%= notice %></p>
    17:      <p class="alert"><%= alert %></p>
    18: 
  
app/views/layouts/application.html.erb:15
Started GET "/" for ::1 at 2021-07-26 09:34:27 +0530
  [1m[35m (0.4ms)[0m  [1m[34mSELECT sqlite_version(*)[0m
  [1m[35m (0.1ms)[0m  [1m[34mSELECT "schema_migrations"."version" FROM "schema_migrations" ORDER BY "schema_migrations"."version" ASC[0m
Processing by HomeController#index as HTML
  Rendering layout layouts/application.html.erb
  Rendering home/index.html.erb within layouts/application
  Rendered home/index.html.erb within layouts/application (Duration: 0.8ms | Allocations: 572)
[Webpacker] Everything's up-to-date. Nothing to do
  Rendered layout layouts/application.html.erb (Duration: 14.4ms | Allocations: 7761)
Completed 500 Internal Server Error in 26ms (ActiveRecord: 0.0ms | Allocations: 11490)


  
ActionView::Template::Error (Missing partial shared/_navbar with {:locale=>[:en], :formats=>[:html], :variants=>[], :handlers=>[:raw, :erb, :html, :builder, :ruby, :jbuilder]}. Searched in:
  * "/home/developer/Device/device-app/app/views"
  * "/home/developer/.rvm/gems/ruby-3.0.0/gems/devise-4.8.0/app/views"
  * "/home/developer/.rvm/gems/ruby-3.0.0/gems/actiontext-6.1.4/app/views"
  * "/home/developer/.rvm/gems/ruby-3.0.0/gems/actionmailbox-6.1.4/app/views"
):
    12:   </head>
    13: 
    14:   <body>
    15:      <%= render 'shared/navbar' %> 
    16:      <p class="notice"><%= notice %></p>
    17:      <p class="alert"><%= alert %></p>
    18: 
  
app/views/layouts/application.html.erb:15
Started GET "/" for ::1 at 2021-07-26 09:34:31 +0530
Processing by HomeController#index as HTML
  Rendering layout layouts/application.html.erb
  Rendering home/index.html.erb within layouts/application
  Rendered home/index.html.erb within layouts/application (Duration: 0.1ms | Allocations: 37)
[Webpacker] Everything's up-to-date. Nothing to do
  Rendered layout layouts/application.html.erb (Duration: 6.5ms | Allocations: 3793)
Completed 500 Internal Server Error in 8ms (ActiveRecord: 0.0ms | Allocations: 4219)


  
ActionView::Template::Error (Missing partial shared/_navbar with {:locale=>[:en], :formats=>[:html], :variants=>[], :handlers=>[:raw, :erb, :html, :builder, :ruby, :jbuilder]}. Searched in:
  * "/home/developer/Device/device-app/app/views"
  * "/home/developer/.rvm/gems/ruby-3.0.0/gems/devise-4.8.0/app/views"
  * "/home/developer/.rvm/gems/ruby-3.0.0/gems/actiontext-6.1.4/app/views"
  * "/home/developer/.rvm/gems/ruby-3.0.0/gems/actionmailbox-6.1.4/app/views"
):
    12:   </head>
    13: 
    14:   <body>
    15:      <%= render 'shared/navbar' %> 
    16:      <p class="notice"><%= notice %></p>
    17:      <p class="alert"><%= alert %></p>
    18: 
  
app/views/layouts/application.html.erb:15
Started GET "/" for ::1 at 2021-07-26 09:34:55 +0530
Processing by HomeController#index as HTML
  Rendering layout layouts/application.html.erb
  Rendering home/index.html.erb within layouts/application
  Rendered home/index.html.erb within layouts/application (Duration: 0.6ms | Allocations: 107)
[Webpacker] Everything's up-to-date. Nothing to do
  Rendered layout layouts/application.html.erb (Duration: 9.3ms | Allocations: 3267)
Completed 200 OK in 16ms (Views: 13.6ms | ActiveRecord: 0.0ms | Allocations: 4616)


Started GET "/" for ::1 at 2021-07-26 10:10:22 +0530
  [1m[35m (0.6ms)[0m  [1m[34mSELECT sqlite_version(*)[0m
  [1m[35m (0.2ms)[0m  [1m[34mSELECT "schema_migrations"."version" FROM "schema_migrations" ORDER BY "schema_migrations"."version" ASC[0m
Processing by HomeController#index as HTML
  Rendering layout layouts/application.html.erb
  Rendering home/index.html.erb within layouts/application
  Rendered home/index.html.erb within layouts/application (Duration: 0.9ms | Allocations: 362)
[Webpacker] Everything's up-to-date. Nothing to do
  Rendered layout layouts/application.html.erb (Duration: 13.3ms | Allocations: 6066)
Completed 200 OK in 30ms (Views: 19.2ms | ActiveRecord: 0.0ms | Allocations: 9829)


Started GET "/users/sign_up" for ::1 at 2021-07-26 10:10:32 +0530
Processing by Devise::RegistrationsController#new as HTML
  [1m[36mUser Load (0.2ms)[0m  [1m[34mSELECT "users".* FROM "users" WHERE "users"."id" = ? ORDER BY "users"."id" ASC LIMIT ?[0m  [["id", 1], ["LIMIT", 1]]
Redirected to http://localhost:3000/
Filter chain halted as :require_no_authentication rendered or redirected
Completed 302 Found in 21ms (ActiveRecord: 0.9ms | Allocations: 8264)


Started GET "/" for ::1 at 2021-07-26 10:10:32 +0530
Processing by HomeController#index as HTML
  Rendering layout layouts/application.html.erb
  Rendering home/index.html.erb within layouts/application
  Rendered home/index.html.erb within layouts/application (Duration: 0.5ms | Allocations: 37)
[Webpacker] Everything's up-to-date. Nothing to do
  Rendered layout layouts/application.html.erb (Duration: 8.1ms | Allocations: 2905)
Completed 200 OK in 10ms (Views: 9.1ms | ActiveRecord: 0.0ms | Allocations: 3364)


Started GET "/" for ::1 at 2021-07-26 10:10:38 +0530
Processing by HomeController#index as HTML
  Rendering layout layouts/application.html.erb
  Rendering home/index.html.erb within layouts/application
  Rendered home/index.html.erb within layouts/application (Duration: 0.2ms | Allocations: 37)
[Webpacker] Everything's up-to-date. Nothing to do
  Rendered layout layouts/application.html.erb (Duration: 15.3ms | Allocations: 2899)
Completed 200 OK in 18ms (Views: 16.5ms | ActiveRecord: 0.0ms | Allocations: 3347)


Started GET "/" for ::1 at 2021-07-26 10:12:26 +0530
Processing by HomeController#index as HTML
  Rendering layout layouts/application.html.erb
  Rendering home/index.html.erb within layouts/application
  Rendered home/index.html.erb within layouts/application (Duration: 0.3ms | Allocations: 37)
[Webpacker] Everything's up-to-date. Nothing to do
  Rendered layout layouts/application.html.erb (Duration: 11.2ms | Allocations: 2901)
Completed 200 OK in 14ms (Views: 13.0ms | ActiveRecord: 0.0ms | Allocations: 3354)


Started GET "/" for ::1 at 2021-07-26 10:12:26 +0530
Processing by HomeController#index as HTML
  Rendering layout layouts/application.html.erb
  Rendering home/index.html.erb within layouts/application
  Rendered home/index.html.erb within layouts/application (Duration: 0.2ms | Allocations: 37)
[Webpacker] Everything's up-to-date. Nothing to do
  Rendered layout layouts/application.html.erb (Duration: 5.6ms | Allocations: 2899)
Completed 200 OK in 8ms (Views: 6.4ms | ActiveRecord: 0.0ms | Allocations: 3347)


Started GET "/users/sign_in" for ::1 at 2021-07-26 10:12:48 +0530
Processing by Devise::SessionsController#new as HTML
  [1m[36mUser Load (0.1ms)[0m  [1m[34mSELECT "users".* FROM "users" WHERE "users"."id" = ? ORDER BY "users"."id" ASC LIMIT ?[0m  [["id", 1], ["LIMIT", 1]]
Redirected to http://localhost:3000/
Filter chain halted as :require_no_authentication rendered or redirected
Completed 302 Found in 10ms (ActiveRecord: 0.1ms | Allocations: 1551)


Started GET "/" for ::1 at 2021-07-26 10:12:48 +0530
Processing by HomeController#index as HTML
  Rendering layout layouts/application.html.erb
  Rendering home/index.html.erb within layouts/application
  Rendered home/index.html.erb within layouts/application (Duration: 0.1ms | Allocations: 37)
[Webpacker] Everything's up-to-date. Nothing to do
  Rendered layout layouts/application.html.erb (Duration: 9.1ms | Allocations: 2901)
Completed 200 OK in 11ms (Views: 9.7ms | ActiveRecord: 0.0ms | Allocations: 3357)


Started GET "/" for ::1 at 2021-07-26 10:17:42 +0530
Processing by HomeController#index as HTML
  Rendering layout layouts/application.html.erb
  Rendering home/index.html.erb within layouts/application
  Rendered home/index.html.erb within layouts/application (Duration: 0.2ms | Allocations: 37)
[Webpacker] Everything's up-to-date. Nothing to do
  Rendered layout layouts/application.html.erb (Duration: 11.7ms | Allocations: 2927)
Completed 200 OK in 14ms (Views: 13.1ms | ActiveRecord: 0.0ms | Allocations: 3321)


Started GET "/users/sign_in" for ::1 at 2021-07-26 10:17:54 +0530
Processing by Devise::SessionsController#new as HTML
  Rendering layout layouts/application.html.erb
  Rendering devise/sessions/new.html.erb within layouts/application
  Rendered devise/shared/_links.html.erb (Duration: 1.4ms | Allocations: 633)
  Rendered devise/sessions/new.html.erb within layouts/application (Duration: 14.0ms | Allocations: 3561)
[Webpacker] Everything's up-to-date. Nothing to do
  Rendered layout layouts/application.html.erb (Duration: 18.9ms | Allocations: 6430)
Completed 200 OK in 36ms (Views: 21.4ms | ActiveRecord: 0.0ms | Allocations: 10063)


Started POST "/users/sign_in" for ::1 at 2021-07-26 10:20:52 +0530
Processing by Devise::SessionsController#create as HTML
  Parameters: {"authenticity_token"=>"[FILTERED]", "user"=>{"email"=>"susmitha95@gmail.com", "password"=>"[FILTERED]", "remember_me"=>"1"}, "commit"=>"Log in"}
  [1m[35m (0.1ms)[0m  [1m[34mSELECT sqlite_version(*)[0m
  [1m[36mUser Load (0.2ms)[0m  [1m[34mSELECT "users".* FROM "users" WHERE "users"."email" = ? ORDER BY "users"."id" ASC LIMIT ?[0m  [["email", "susmitha95@gmail.com"], ["LIMIT", 1]]
Completed 401 Unauthorized in 16ms (ActiveRecord: 0.5ms | Allocations: 4477)


Processing by Devise::SessionsController#new as HTML
  Parameters: {"authenticity_token"=>"[FILTERED]", "user"=>{"email"=>"susmitha95@gmail.com", "password"=>"[FILTERED]", "remember_me"=>"1"}, "commit"=>"Log in"}
  Rendering layout layouts/application.html.erb
  Rendering devise/sessions/new.html.erb within layouts/application
  Rendered devise/shared/_links.html.erb (Duration: 0.2ms | Allocations: 153)
  Rendered devise/sessions/new.html.erb within layouts/application (Duration: 1.5ms | Allocations: 1010)
[Webpacker] Everything's up-to-date. Nothing to do
  Rendered layout layouts/application.html.erb (Duration: 4.4ms | Allocations: 3841)
Completed 200 OK in 232ms (Views: 4.9ms | ActiveRecord: 0.0ms | Allocations: 5026)


Started POST "/users/sign_in" for ::1 at 2021-07-26 10:20:59 +0530
Processing by Devise::SessionsController#create as HTML
  Parameters: {"authenticity_token"=>"[FILTERED]", "user"=>{"email"=>"susmitha95@gmail.com", "password"=>"[FILTERED]", "remember_me"=>"1"}, "commit"=>"Log in"}
Completed 401 Unauthorized in 2ms (ActiveRecord: 0.0ms | Allocations: 374)


Processing by Devise::SessionsController#new as HTML
  Parameters: {"authenticity_token"=>"[FILTERED]", "user"=>{"email"=>"susmitha95@gmail.com", "password"=>"[FILTERED]", "remember_me"=>"1"}, "commit"=>"Log in"}
  Rendering layout layouts/application.html.erb
  Rendering devise/sessions/new.html.erb within layouts/application
  Rendered devise/shared/_links.html.erb (Duration: 0.7ms | Allocations: 153)
  Rendered devise/sessions/new.html.erb within layouts/application (Duration: 3.8ms | Allocations: 1002)
[Webpacker] Everything's up-to-date. Nothing to do
  Rendered layout layouts/application.html.erb (Duration: 14.7ms | Allocations: 3883)
Completed 200 OK in 20ms (Views: 16.3ms | ActiveRecord: 0.0ms | Allocations: 4462)


Started POST "/users/sign_in" for ::1 at 2021-07-26 10:21:00 +0530
Processing by Devise::SessionsController#create as HTML
  Parameters: {"authenticity_token"=>"[FILTERED]", "user"=>{"email"=>"susmitha95@gmail.com", "password"=>"[FILTERED]", "remember_me"=>"1"}, "commit"=>"Log in"}
Completed 401 Unauthorized in 1ms (ActiveRecord: 0.0ms | Allocations: 374)


Processing by Devise::SessionsController#new as HTML
  Parameters: {"authenticity_token"=>"[FILTERED]", "user"=>{"email"=>"susmitha95@gmail.com", "password"=>"[FILTERED]", "remember_me"=>"1"}, "commit"=>"Log in"}
  Rendering layout layouts/application.html.erb
  Rendering devise/sessions/new.html.erb within layouts/application
  Rendered devise/shared/_links.html.erb (Duration: 0.3ms | Allocations: 153)
  Rendered devise/sessions/new.html.erb within layouts/application (Duration: 10.8ms | Allocations: 1002)
[Webpacker] Everything's up-to-date. Nothing to do
  Rendered layout layouts/application.html.erb (Duration: 16.0ms | Allocations: 3893)
Completed 200 OK in 18ms (Views: 16.8ms | ActiveRecord: 0.0ms | Allocations: 4474)


Started GET "/users/sign_up" for ::1 at 2021-07-26 10:21:11 +0530
Processing by Devise::RegistrationsController#new as HTML
  Rendering layout layouts/application.html.erb
  Rendering devise/registrations/new.html.erb within layouts/application
  Rendered devise/shared/_error_messages.html.erb (Duration: 0.6ms | Allocations: 220)
  Rendered devise/shared/_links.html.erb (Duration: 0.5ms | Allocations: 153)
  Rendered devise/registrations/new.html.erb within layouts/application (Duration: 6.1ms | Allocations: 2276)
[Webpacker] Everything's up-to-date. Nothing to do
  Rendered layout layouts/application.html.erb (Duration: 13.4ms | Allocations: 5359)
Completed 200 OK in 16ms (Views: 15.4ms | ActiveRecord: 0.0ms | Allocations: 6596)


Started POST "/users" for ::1 at 2021-07-26 10:23:37 +0530
Processing by Devise::RegistrationsController#create as HTML
  Parameters: {"authenticity_token"=>"[FILTERED]", "user"=>{"email"=>"susmitha2@gmail.com", "password"=>"[FILTERED]", "password_confirmation"=>"[FILTERED]"}, "commit"=>"Sign up"}
  [1m[36mTRANSACTION (0.1ms)[0m  [1m[36mbegin transaction[0m
  [1m[36mUser Exists? (0.2ms)[0m  [1m[34mSELECT 1 AS one FROM "users" WHERE "users"."email" = ? LIMIT ?[0m  [["email", "susmitha2@gmail.com"], ["LIMIT", 1]]
  [1m[36mUser Create (0.3ms)[0m  [1m[32mINSERT INTO "users" ("email", "encrypted_password", "created_at", "updated_at") VALUES (?, ?, ?, ?)[0m  [["email", "susmitha2@gmail.com"], ["encrypted_password", "$2a$12$OeRf.KZjB5f9W3YDo5q.9.cNUtuKjmDBfmpLmtCrdiLYbl8N0c0Zi"], ["created_at", "2021-07-26 04:53:37.950750"], ["updated_at", "2021-07-26 04:53:37.950750"]]
  [1m[36mTRANSACTION (3.6ms)[0m  [1m[36mcommit transaction[0m
Redirected to http://localhost:3000/
Completed 302 Found in 253ms (ActiveRecord: 4.1ms | Allocations: 11468)


Started GET "/" for ::1 at 2021-07-26 10:23:37 +0530
Processing by HomeController#index as HTML
  Rendering layout layouts/application.html.erb
  Rendering home/index.html.erb within layouts/application
  Rendered home/index.html.erb within layouts/application (Duration: 0.1ms | Allocations: 37)
[Webpacker] Everything's up-to-date. Nothing to do
  Rendered layout layouts/application.html.erb (Duration: 3.8ms | Allocations: 2901)
Completed 200 OK in 5ms (Views: 4.4ms | ActiveRecord: 0.0ms | Allocations: 3358)


Started GET "/" for ::1 at 2021-07-26 13:30:57 +0530
Processing by HomeController#index as HTML
  Rendering layout layouts/application.html.erb
  Rendering home/index.html.erb within layouts/application
  Rendered home/index.html.erb within layouts/application (Duration: 0.1ms | Allocations: 37)
[Webpacker] Everything's up-to-date. Nothing to do
  Rendered layout layouts/application.html.erb (Duration: 5.9ms | Allocations: 2911)
Completed 200 OK in 7ms (Views: 6.5ms | Allocations: 3363)


Started GET "/" for ::1 at 2021-07-26 17:12:10 +0530
Processing by HomeController#index as HTML
  Rendering layout layouts/application.html.erb
  Rendering home/index.html.erb within layouts/application
  Rendered home/index.html.erb within layouts/application (Duration: 0.1ms | Allocations: 37)
[Webpacker] Everything's up-to-date. Nothing to do
  Rendered layout layouts/application.html.erb (Duration: 5.7ms | Allocations: 2912)
Completed 200 OK in 7ms (Views: 6.5ms | Allocations: 3301)


Started GET "/users/sign_in" for ::1 at 2021-07-26 17:12:20 +0530
Processing by Devise::SessionsController#new as HTML
  Rendering layout layouts/application.html.erb
  Rendering devise/sessions/new.html.erb within layouts/application
  Rendered devise/shared/_links.html.erb (Duration: 0.3ms | Allocations: 153)
  Rendered devise/sessions/new.html.erb within layouts/application (Duration: 2.2ms | Allocations: 1009)
[Webpacker] Everything's up-to-date. Nothing to do
  Rendered layout layouts/application.html.erb (Duration: 9.2ms | Allocations: 3889)
Completed 200 OK in 11ms (Views: 9.8ms | Allocations: 4553)


